# JRE version: OpenJDK Runtime Environment (8.0_91-b14) (build 1.8.0_91-8u91-b14-3ubuntu1~16.04.1-b14)
# Java VM: OpenJDK 64-Bit Server VM (25.91-b14 mixed mode linux-amd64 compressed oops)
Heap:
 PSYoungGen      total 261632K, used 18401K [0x00000000eab00000, 0x00000000fe780000, 0x0000000100000000)
  eden space 243200K, 0% used [0x00000000eab00000,0x00000000eab00000,0x00000000f9880000)
  from space 18432K, 99% used [0x00000000fba80000,0x00000000fcc787c8,0x00000000fcc80000)
  to   space 34816K, 0% used [0x00000000f9880000,0x00000000f9880000,0x00000000fba80000)
 ParOldGen       total 83968K, used 79435K [0x00000000c0000000, 0x00000000c5200000, 0x00000000eab00000)
  object space 83968K, 94% used [0x00000000c0000000,0x00000000c4d92ff8,0x00000000c5200000)
 Metaspace       used 58079K, capacity 60036K, committed 60288K, reserved 1101824K
  class space    used 7764K, capacity 8283K, committed 8320K, reserved 1048576K
GC Heap History (10 events):
Event: 8.734 GC heap after
Heap after GC invocations=13 (full 2):
 PSYoungGen      total 203264K, used 15359K [0x00000000eab00000, 0x00000000f8880000, 0x0000000100000000)
  eden space 187904K, 0% used [0x00000000eab00000,0x00000000eab00000,0x00000000f6280000)
  from space 15360K, 99% used [0x00000000f6480000,0x00000000f737fef0,0x00000000f7380000)
  to   space 19456K, 0% used [0x00000000f7580000,0x00000000f7580000,0x00000000f8880000)
 ParOldGen       total 83968K, used 26498K [0x00000000c0000000, 0x00000000c5200000, 0x00000000eab00000)
  object space 83968K, 31% used [0x00000000c0000000,0x00000000c19e0b58,0x00000000c5200000)
 Metaspace       used 46641K, capacity 47980K, committed 48128K, reserved 1091584K
  class space    used 6460K, capacity 6820K, committed 6912K, reserved 1048576K
}
Event: 8.734 GC heap before
{Heap before GC invocations=14 (full 3):
 PSYoungGen      total 203264K, used 15359K [0x00000000eab00000, 0x00000000f8880000, 0x0000000100000000)
  eden space 187904K, 0% used [0x00000000eab00000,0x00000000eab00000,0x00000000f6280000)
  from space 15360K, 99% used [0x00000000f6480000,0x00000000f737fef0,0x00000000f7380000)
  to   space 19456K, 0% used [0x00000000f7580000,0x00000000f7580000,0x00000000f8880000)
 ParOldGen       total 83968K, used 26498K [0x00000000c0000000, 0x00000000c5200000, 0x00000000eab00000)
  object space 83968K, 31% used [0x00000000c0000000,0x00000000c19e0b58,0x00000000c5200000)
 Metaspace       used 46641K, capacity 47980K, committed 48128K, reserved 1091584K
  class space    used 6460K, capacity 6820K, committed 6912K, reserved 1048576K
Event: 9.050 GC heap after
Heap after GC invocations=14 (full 3):
 PSYoungGen      total 203264K, used 0K [0x00000000eab00000, 0x00000000f8880000, 0x0000000100000000)
  eden space 187904K, 0% used [0x00000000eab00000,0x00000000eab00000,0x00000000f6280000)
  from space 15360K, 0% used [0x00000000f6480000,0x00000000f6480000,0x00000000f7380000)
  to   space 19456K, 0% used [0x00000000f7580000,0x00000000f7580000,0x00000000f8880000)
 ParOldGen       total 83968K, used 40562K [0x00000000c0000000, 0x00000000c5200000, 0x00000000eab00000)
  object space 83968K, 48% used [0x00000000c0000000,0x00000000c279caa8,0x00000000c5200000)
 Metaspace       used 46641K, capacity 47980K, committed 48128K, reserved 1091584K
  class space    used 6460K, capacity 6820K, committed 6912K, reserved 1048576K
}
Event: 12.733 GC heap before
{Heap before GC invocations=15 (full 3):
 PSYoungGen      total 203264K, used 187904K [0x00000000eab00000, 0x00000000f8880000, 0x0000000100000000)
  eden space 187904K, 100% used [0x00000000eab00000,0x00000000f6280000,0x00000000f6280000)
  from space 15360K, 0% used [0x00000000f6480000,0x00000000f6480000,0x00000000f7380000)
  to   space 19456K, 0% used [0x00000000f7580000,0x00000000f7580000,0x00000000f8880000)
 ParOldGen       total 83968K, used 40562K [0x00000000c0000000, 0x00000000c5200000, 0x00000000eab00000)
  object space 83968K, 48% used [0x00000000c0000000,0x00000000c279caa8,0x00000000c5200000)
 Metaspace       used 50648K, capacity 52350K, committed 52480K, reserved 1093632K
  class space    used 6919K, capacity 7352K, committed 7424K, reserved 1048576K
Event: 12.743 GC heap after
Heap after GC invocations=15 (full 3):
 PSYoungGen      total 207872K, used 10648K [0x00000000eab00000, 0x00000000fd400000, 0x0000000100000000)
  eden space 188416K, 0% used [0x00000000eab00000,0x00000000eab00000,0x00000000f6300000)
  from space 19456K, 54% used [0x00000000f7580000,0x00000000f7fe6268,0x00000000f8880000)
  to   space 18944K, 0% used [0x00000000f6300000,0x00000000f6300000,0x00000000f7580000)
 ParOldGen       total 83968K, used 40570K [0x00000000c0000000, 0x00000000c5200000, 0x00000000eab00000)
  object space 83968K, 48% used [0x00000000c0000000,0x00000000c279eaa8,0x00000000c5200000)
 Metaspace       used 50648K, capacity 52350K, committed 52480K, reserved 1093632K
  class space    used 6919K, capacity 7352K, committed 7424K, reserved 1048576K
}
Event: 51.784 GC heap before
{Heap before GC invocations=16 (full 3):
 PSYoungGen      total 207872K, used 199064K [0x00000000eab00000, 0x00000000fd400000, 0x0000000100000000)
  eden space 188416K, 100% used [0x00000000eab00000,0x00000000f6300000,0x00000000f6300000)
  from space 19456K, 54% used [0x00000000f7580000,0x00000000f7fe6268,0x00000000f8880000)
  to   space 18944K, 0% used [0x00000000f6300000,0x00000000f6300000,0x00000000f7580000)
 ParOldGen       total 83968K, used 40570K [0x00000000c0000000, 0x00000000c5200000, 0x00000000eab00000)
  object space 83968K, 48% used [0x00000000c0000000,0x00000000c279eaa8,0x00000000c5200000)
 Metaspace       used 52542K, capacity 54412K, committed 54528K, reserved 1095680K
  class space    used 7145K, capacity 7624K, committed 7680K, reserved 1048576K
Event: 51.793 GC heap after
Heap after GC invocations=16 (full 3):
 PSYoungGen      total 207360K, used 10625K [0x00000000eab00000, 0x00000000fcc80000, 0x0000000100000000)
  eden space 188416K, 0% used [0x00000000eab00000,0x00000000eab00000,0x00000000f6300000)
  from space 18944K, 56% used [0x00000000f6300000,0x00000000f6d60570,0x00000000f7580000)
  to   space 18432K, 0% used [0x00000000fba80000,0x00000000fba80000,0x00000000fcc80000)
 ParOldGen       total 83968K, used 40578K [0x00000000c0000000, 0x00000000c5200000, 0x00000000eab00000)
  object space 83968K, 48% used [0x00000000c0000000,0x00000000c27a0aa8,0x00000000c5200000)
 Metaspace       used 52542K, capacity 54412K, committed 54528K, reserved 1095680K
  class space    used 7145K, capacity 7624K, committed 7680K, reserved 1048576K
}
Event: 56.005 GC heap before
{Heap before GC invocations=17 (full 3):
 PSYoungGen      total 207360K, used 199041K [0x00000000eab00000, 0x00000000fcc80000, 0x0000000100000000)
  eden space 188416K, 100% used [0x00000000eab00000,0x00000000f6300000,0x00000000f6300000)
  from space 18944K, 56% used [0x00000000f6300000,0x00000000f6d60570,0x00000000f7580000)
  to   space 18432K, 0% used [0x00000000fba80000,0x00000000fba80000,0x00000000fcc80000)
 ParOldGen       total 83968K, used 40578K [0x00000000c0000000, 0x00000000c5200000, 0x00000000eab00000)
  object space 83968K, 48% used [0x00000000c0000000,0x00000000c27a0aa8,0x00000000c5200000)
 Metaspace       used 58079K, capacity 60036K, committed 60288K, reserved 1101824K
  class space    used 7764K, capacity 8283K, committed 8320K, reserved 1048576K
Event: 56.092 GC heap after
Heap after GC invocations=17 (full 3):
 PSYoungGen      total 261632K, used 18401K [0x00000000eab00000, 0x00000000fe780000, 0x0000000100000000)
  eden space 243200K, 0% used [0x00000000eab00000,0x00000000eab00000,0x00000000f9880000)
  from space 18432K, 99% used [0x00000000fba80000,0x00000000fcc787c8,0x00000000fcc80000)
  to   space 34816K, 0% used [0x00000000f9880000,0x00000000f9880000,0x00000000fba80000)
 ParOldGen       total 83968K, used 79435K [0x00000000c0000000, 0x00000000c5200000, 0x00000000eab00000)
  object space 83968K, 94% used [0x00000000c0000000,0x00000000c4d92ff8,0x00000000c5200000)
 Metaspace       used 58079K, capacity 60036K, committed 60288K, reserved 1101824K
  class space    used 7764K, capacity 8283K, committed 8320K, reserved 1048576K
}
Event: 56.092 GC heap before
{Heap before GC invocations=18 (full 4):
 PSYoungGen      total 261632K, used 18401K [0x00000000eab00000, 0x00000000fe780000, 0x0000000100000000)
  eden space 243200K, 0% used [0x00000000eab00000,0x00000000eab00000,0x00000000f9880000)
  from space 18432K, 99% used [0x00000000fba80000,0x00000000fcc787c8,0x00000000fcc80000)
  to   space 34816K, 0% used [0x00000000f9880000,0x00000000f9880000,0x00000000fba80000)
 ParOldGen       total 83968K, used 79435K [0x00000000c0000000, 0x00000000c5200000, 0x00000000eab00000)
  object space 83968K, 94% used [0x00000000c0000000,0x00000000c4d92ff8,0x00000000c5200000)
 Metaspace       used 58079K, capacity 60036K, committed 60288K, reserved 1101824K
  class space    used 7764K, capacity 8283K, committed 8320K, reserved 1048576K

