# JRE version: OpenJDK Runtime Environment (8.0_91-b14) (build 1.8.0_91-8u91-b14-3ubuntu1~16.04.1-b14)
# Java VM: OpenJDK 64-Bit Server VM (25.91-b14 mixed mode linux-amd64 compressed oops)
Heap:
 PSYoungGen      total 138752K, used 103238K [0x00000000eab00000, 0x00000000f7580000, 0x0000000100000000)
  eden space 125440K, 82% used [0x00000000eab00000,0x00000000f0fd1858,0x00000000f2580000)
  from space 13312K, 0% used [0x00000000f2580000,0x00000000f2580000,0x00000000f3280000)
  to   space 13824K, 0% used [0x00000000f6800000,0x00000000f6800000,0x00000000f7580000)
 ParOldGen       total 91648K, used 19875K [0x00000000c0000000, 0x00000000c5980000, 0x00000000eab00000)
  object space 91648K, 21% used [0x00000000c0000000,0x00000000c1368f30,0x00000000c5980000)
 Metaspace       used 41989K, capacity 42818K, committed 43136K, reserved 1087488K
  class space    used 5725K, capacity 5937K, committed 6016K, reserved 1048576K
GC Heap History (10 events):
Event: 2.954 GC heap before
{Heap before GC invocations=7 (full 1):
 PSYoungGen      total 68608K, used 63488K [0x00000000eab00000, 0x00000000f3b00000, 0x0000000100000000)
  eden space 63488K, 100% used [0x00000000eab00000,0x00000000ee900000,0x00000000ee900000)
  from space 5120K, 0% used [0x00000000ee900000,0x00000000ee900000,0x00000000eee00000)
  to   space 10240K, 0% used [0x00000000f3100000,0x00000000f3100000,0x00000000f3b00000)
 ParOldGen       total 65024K, used 10284K [0x00000000c0000000, 0x00000000c3f80000, 0x00000000eab00000)
  object space 65024K, 15% used [0x00000000c0000000,0x00000000c0a0b038,0x00000000c3f80000)
 Metaspace       used 25138K, capacity 25682K, committed 25984K, reserved 1071104K
  class space    used 3482K, capacity 3645K, committed 3712K, reserved 1048576K
Event: 2.979 GC heap after
Heap after GC invocations=7 (full 1):
 PSYoungGen      total 98304K, used 6101K [0x00000000eab00000, 0x00000000f3700000, 0x0000000100000000)
  eden space 92160K, 0% used [0x00000000eab00000,0x00000000eab00000,0x00000000f0500000)
  from space 6144K, 99% used [0x00000000f3100000,0x00000000f36f5678,0x00000000f3700000)
  to   space 9728K, 0% used [0x00000000f2400000,0x00000000f2400000,0x00000000f2d80000)
 ParOldGen       total 65024K, used 10292K [0x00000000c0000000, 0x00000000c3f80000, 0x00000000eab00000)
  object space 65024K, 15% used [0x00000000c0000000,0x00000000c0a0d038,0x00000000c3f80000)
 Metaspace       used 25138K, capacity 25682K, committed 25984K, reserved 1071104K
  class space    used 3482K, capacity 3645K, committed 3712K, reserved 1048576K
}
Event: 4.293 GC heap before
{Heap before GC invocations=8 (full 1):
 PSYoungGen      total 98304K, used 98261K [0x00000000eab00000, 0x00000000f3700000, 0x0000000100000000)
  eden space 92160K, 100% used [0x00000000eab00000,0x00000000f0500000,0x00000000f0500000)
  from space 6144K, 99% used [0x00000000f3100000,0x00000000f36f5678,0x00000000f3700000)
  to   space 9728K, 0% used [0x00000000f2400000,0x00000000f2400000,0x00000000f2d80000)
 ParOldGen       total 65024K, used 10292K [0x00000000c0000000, 0x00000000c3f80000, 0x00000000eab00000)
  object space 65024K, 15% used [0x00000000c0000000,0x00000000c0a0d038,0x00000000c3f80000)
 Metaspace       used 28281K, capacity 29002K, committed 29184K, reserved 1075200K
  class space    used 3859K, capacity 4044K, committed 4096K, reserved 1048576K
Event: 4.304 GC heap after
Heap after GC invocations=8 (full 1):
 PSYoungGen      total 133632K, used 6271K [0x00000000eab00000, 0x00000000f3b80000, 0x0000000100000000)
  eden space 123904K, 0% used [0x00000000eab00000,0x00000000eab00000,0x00000000f2400000)
  from space 9728K, 64% used [0x00000000f2400000,0x00000000f2a1ff20,0x00000000f2d80000)
  to   space 9216K, 0% used [0x00000000f3280000,0x00000000f3280000,0x00000000f3b80000)
 ParOldGen       total 65024K, used 10300K [0x00000000c0000000, 0x00000000c3f80000, 0x00000000eab00000)
  object space 65024K, 15% used [0x00000000c0000000,0x00000000c0a0f038,0x00000000c3f80000)
 Metaspace       used 28281K, capacity 29002K, committed 29184K, reserved 1075200K
  class space    used 3859K, capacity 4044K, committed 4096K, reserved 1048576K
}
Event: 5.567 GC heap before
{Heap before GC invocations=9 (full 1):
 PSYoungGen      total 133632K, used 130175K [0x00000000eab00000, 0x00000000f3b80000, 0x0000000100000000)
  eden space 123904K, 100% used [0x00000000eab00000,0x00000000f2400000,0x00000000f2400000)
  from space 9728K, 64% used [0x00000000f2400000,0x00000000f2a1ff20,0x00000000f2d80000)
  to   space 9216K, 0% used [0x00000000f3280000,0x00000000f3280000,0x00000000f3b80000)
 ParOldGen       total 65024K, used 10300K [0x00000000c0000000, 0x00000000c3f80000, 0x00000000eab00000)
  object space 65024K, 15% used [0x00000000c0000000,0x00000000c0a0f038,0x00000000c3f80000)
 Metaspace       used 34112K, capacity 34826K, committed 35072K, reserved 1079296K
  class space    used 4606K, capacity 4830K, committed 4864K, reserved 1048576K
Event: 5.593 GC heap after
Heap after GC invocations=9 (full 1):
 PSYoungGen      total 134656K, used 9186K [0x00000000eab00000, 0x00000000f6f00000, 0x0000000100000000)
  eden space 125440K, 0% used [0x00000000eab00000,0x00000000eab00000,0x00000000f2580000)
  from space 9216K, 99% used [0x00000000f3280000,0x00000000f3b78a98,0x00000000f3b80000)
  to   space 13312K, 0% used [0x00000000f2580000,0x00000000f2580000,0x00000000f3280000)
 ParOldGen       total 65024K, used 17327K [0x00000000c0000000, 0x00000000c3f80000, 0x00000000eab00000)
  object space 65024K, 26% used [0x00000000c0000000,0x00000000c10ebf58,0x00000000c3f80000)
 Metaspace       used 34112K, capacity 34826K, committed 35072K, reserved 1079296K
  class space    used 4606K, capacity 4830K, committed 4864K, reserved 1048576K
}
Event: 5.665 GC heap before
{Heap before GC invocations=10 (full 1):
 PSYoungGen      total 134656K, used 16375K [0x00000000eab00000, 0x00000000f6f00000, 0x0000000100000000)
  eden space 125440K, 5% used [0x00000000eab00000,0x00000000eb205518,0x00000000f2580000)
  from space 9216K, 99% used [0x00000000f3280000,0x00000000f3b78a98,0x00000000f3b80000)
  to   space 13312K, 0% used [0x00000000f2580000,0x00000000f2580000,0x00000000f3280000)
 ParOldGen       total 65024K, used 17327K [0x00000000c0000000, 0x00000000c3f80000, 0x00000000eab00000)
  object space 65024K, 26% used [0x00000000c0000000,0x00000000c10ebf58,0x00000000c3f80000)
 Metaspace       used 34595K, capacity 35306K, committed 35456K, reserved 1079296K
  class space    used 4687K, capacity 4926K, committed 4992K, reserved 1048576K
Event: 5.689 GC heap after
Heap after GC invocations=10 (full 1):
 PSYoungGen      total 138752K, used 9860K [0x00000000eab00000, 0x00000000f7580000, 0x0000000100000000)
  eden space 125440K, 0% used [0x00000000eab00000,0x00000000eab00000,0x00000000f2580000)
  from space 13312K, 74% used [0x00000000f2580000,0x00000000f2f21018,0x00000000f3280000)
  to   space 13824K, 0% used [0x00000000f6800000,0x00000000f6800000,0x00000000f7580000)
 ParOldGen       total 65024K, used 17335K [0x00000000c0000000, 0x00000000c3f80000, 0x00000000eab00000)
  object space 65024K, 26% used [0x00000000c0000000,0x00000000c10edf58,0x00000000c3f80000)
 Metaspace       used 34595K, capacity 35306K, committed 35456K, reserved 1079296K
  class space    used 4687K, capacity 4926K, committed 4992K, reserved 1048576K
}
Event: 5.689 GC heap before
{Heap before GC invocations=11 (full 2):
 PSYoungGen      total 138752K, used 9860K [0x00000000eab00000, 0x00000000f7580000, 0x0000000100000000)
  eden space 125440K, 0% used [0x00000000eab00000,0x00000000eab00000,0x00000000f2580000)
  from space 13312K, 74% used [0x00000000f2580000,0x00000000f2f21018,0x00000000f3280000)
  to   space 13824K, 0% used [0x00000000f6800000,0x00000000f6800000,0x00000000f7580000)
 ParOldGen       total 65024K, used 17335K [0x00000000c0000000, 0x00000000c3f80000, 0x00000000eab00000)
  object space 65024K, 26% used [0x00000000c0000000,0x00000000c10edf58,0x00000000c3f80000)
 Metaspace       used 34595K, capacity 35306K, committed 35456K, reserved 1079296K
  class space    used 4687K, capacity 4926K, committed 4992K, reserved 1048576K
Event: 5.819 GC heap after
Heap after GC invocations=11 (full 2):
 PSYoungGen      total 138752K, used 0K [0x00000000eab00000, 0x00000000f7580000, 0x0000000100000000)
  eden space 125440K, 0% used [0x00000000eab00000,0x00000000eab00000,0x00000000f2580000)
  from space 13312K, 0% used [0x00000000f2580000,0x00000000f2580000,0x00000000f3280000)
  to   space 13824K, 0% used [0x00000000f6800000,0x00000000f6800000,0x00000000f7580000)
 ParOldGen       total 91648K, used 19875K [0x00000000c0000000, 0x00000000c5980000, 0x00000000eab00000)
  object space 91648K, 21% used [0x00000000c0000000,0x00000000c1368f30,0x00000000c5980000)
 Metaspace       used 34595K, capacity 35306K, committed 35456K, reserved 1079296K
  class space    used 4687K, capacity 4926K, committed 4992K, reserved 1048576K
}

