# JRE version: OpenJDK Runtime Environment (8.0_91-b14) (build 1.8.0_91-8u91-b14-3ubuntu1~16.04.1-b14)
# Java VM: OpenJDK 64-Bit Server VM (25.91-b14 mixed mode linux-amd64 compressed oops)
Heap:
 PSYoungGen      total 135168K, used 121856K [0x00000000eab00000, 0x00000000f6980000, 0x0000000100000000)
  eden space 121856K, 100% used [0x00000000eab00000,0x00000000f2200000,0x00000000f2200000)
  from space 13312K, 0% used [0x00000000f2200000,0x00000000f2200000,0x00000000f2f00000)
  to   space 13824K, 15% used [0x00000000f5c00000,0x00000000f5e14020,0x00000000f6980000)
 ParOldGen       total 97792K, used 19867K [0x00000000c0000000, 0x00000000c5f80000, 0x00000000eab00000)
  object space 97792K, 20% used [0x00000000c0000000,0x00000000c1366fe8,0x00000000c5f80000)
 Metaspace       used 42833K, capacity 43688K, committed 44032K, reserved 1087488K
  class space    used 5853K, capacity 6055K, committed 6144K, reserved 1048576K
GC Heap History (10 events):
Event: 2.685 GC heap after
Heap after GC invocations=7 (full 1):
 PSYoungGen      total 97792K, used 6199K [0x00000000eab00000, 0x00000000f3780000, 0x0000000100000000)
  eden space 91136K, 0% used [0x00000000eab00000,0x00000000eab00000,0x00000000f0400000)
  from space 6656K, 93% used [0x00000000f3100000,0x00000000f370dcc8,0x00000000f3780000)
  to   space 9728K, 0% used [0x00000000f2480000,0x00000000f2480000,0x00000000f2e00000)
 ParOldGen       total 62464K, used 7956K [0x00000000c0000000, 0x00000000c3d00000, 0x00000000eab00000)
  object space 62464K, 12% used [0x00000000c0000000,0x00000000c07c51d0,0x00000000c3d00000)
 Metaspace       used 24990K, capacity 25506K, committed 25728K, reserved 1071104K
  class space    used 3457K, capacity 3613K, committed 3712K, reserved 1048576K
}
Event: 3.996 GC heap before
{Heap before GC invocations=8 (full 1):
 PSYoungGen      total 97792K, used 97335K [0x00000000eab00000, 0x00000000f3780000, 0x0000000100000000)
  eden space 91136K, 100% used [0x00000000eab00000,0x00000000f0400000,0x00000000f0400000)
  from space 6656K, 93% used [0x00000000f3100000,0x00000000f370dcc8,0x00000000f3780000)
  to   space 9728K, 0% used [0x00000000f2480000,0x00000000f2480000,0x00000000f2e00000)
 ParOldGen       total 62464K, used 7956K [0x00000000c0000000, 0x00000000c3d00000, 0x00000000eab00000)
  object space 62464K, 12% used [0x00000000c0000000,0x00000000c07c51d0,0x00000000c3d00000)
 Metaspace       used 28064K, capacity 28612K, committed 28928K, reserved 1075200K
  class space    used 3817K, capacity 4006K, committed 4096K, reserved 1048576K
Event: 4.005 GC heap after
Heap after GC invocations=8 (full 1):
 PSYoungGen      total 134144K, used 6154K [0x00000000eab00000, 0x00000000f3800000, 0x0000000100000000)
  eden space 124416K, 0% used [0x00000000eab00000,0x00000000eab00000,0x00000000f2480000)
  from space 9728K, 63% used [0x00000000f2480000,0x00000000f2a82b48,0x00000000f2e00000)
  to   space 9216K, 0% used [0x00000000f2f00000,0x00000000f2f00000,0x00000000f3800000)
 ParOldGen       total 62464K, used 7964K [0x00000000c0000000, 0x00000000c3d00000, 0x00000000eab00000)
  object space 62464K, 12% used [0x00000000c0000000,0x00000000c07c71d0,0x00000000c3d00000)
 Metaspace       used 28064K, capacity 28612K, committed 28928K, reserved 1075200K
  class space    used 3817K, capacity 4006K, committed 4096K, reserved 1048576K
}
Event: 5.302 GC heap before
{Heap before GC invocations=9 (full 1):
 PSYoungGen      total 134144K, used 130570K [0x00000000eab00000, 0x00000000f3800000, 0x0000000100000000)
  eden space 124416K, 100% used [0x00000000eab00000,0x00000000f2480000,0x00000000f2480000)
  from space 9728K, 63% used [0x00000000f2480000,0x00000000f2a82b48,0x00000000f2e00000)
  to   space 9216K, 0% used [0x00000000f2f00000,0x00000000f2f00000,0x00000000f3800000)
 ParOldGen       total 62464K, used 7964K [0x00000000c0000000, 0x00000000c3d00000, 0x00000000eab00000)
  object space 62464K, 12% used [0x00000000c0000000,0x00000000c07c71d0,0x00000000c3d00000)
 Metaspace       used 34037K, capacity 34766K, committed 35072K, reserved 1079296K
  class space    used 4586K, capacity 4796K, committed 4864K, reserved 1048576K
Event: 5.327 GC heap after
Heap after GC invocations=9 (full 1):
 PSYoungGen      total 131072K, used 9187K [0x00000000eab00000, 0x00000000f6c00000, 0x0000000100000000)
  eden space 121856K, 0% used [0x00000000eab00000,0x00000000eab00000,0x00000000f2200000)
  from space 9216K, 99% used [0x00000000f2f00000,0x00000000f37f8e08,0x00000000f3800000)
  to   space 13312K, 0% used [0x00000000f2200000,0x00000000f2200000,0x00000000f2f00000)
 ParOldGen       total 62464K, used 15124K [0x00000000c0000000, 0x00000000c3d00000, 0x00000000eab00000)
  object space 62464K, 24% used [0x00000000c0000000,0x00000000c0ec5138,0x00000000c3d00000)
 Metaspace       used 34037K, capacity 34766K, committed 35072K, reserved 1079296K
  class space    used 4586K, capacity 4796K, committed 4864K, reserved 1048576K
}
Event: 5.429 GC heap before
{Heap before GC invocations=10 (full 1):
 PSYoungGen      total 131072K, used 18324K [0x00000000eab00000, 0x00000000f6c00000, 0x0000000100000000)
  eden space 121856K, 7% used [0x00000000eab00000,0x00000000eb3ec280,0x00000000f2200000)
  from space 9216K, 99% used [0x00000000f2f00000,0x00000000f37f8e08,0x00000000f3800000)
  to   space 13312K, 0% used [0x00000000f2200000,0x00000000f2200000,0x00000000f2f00000)
 ParOldGen       total 62464K, used 15124K [0x00000000c0000000, 0x00000000c3d00000, 0x00000000eab00000)
  object space 62464K, 24% used [0x00000000c0000000,0x00000000c0ec5138,0x00000000c3d00000)
 Metaspace       used 34577K, capacity 35290K, committed 35456K, reserved 1079296K
  class space    used 4675K, capacity 4926K, committed 4992K, reserved 1048576K
Event: 5.449 GC heap after
Heap after GC invocations=10 (full 1):
 PSYoungGen      total 135168K, used 9967K [0x00000000eab00000, 0x00000000f6980000, 0x0000000100000000)
  eden space 121856K, 0% used [0x00000000eab00000,0x00000000eab00000,0x00000000f2200000)
  from space 13312K, 74% used [0x00000000f2200000,0x00000000f2bbbd78,0x00000000f2f00000)
  to   space 13824K, 0% used [0x00000000f5c00000,0x00000000f5c00000,0x00000000f6980000)
 ParOldGen       total 62464K, used 15132K [0x00000000c0000000, 0x00000000c3d00000, 0x00000000eab00000)
  object space 62464K, 24% used [0x00000000c0000000,0x00000000c0ec7138,0x00000000c3d00000)
 Metaspace       used 34577K, capacity 35290K, committed 35456K, reserved 1079296K
  class space    used 4675K, capacity 4926K, committed 4992K, reserved 1048576K
}
Event: 5.449 GC heap before
{Heap before GC invocations=11 (full 2):
 PSYoungGen      total 135168K, used 9967K [0x00000000eab00000, 0x00000000f6980000, 0x0000000100000000)
  eden space 121856K, 0% used [0x00000000eab00000,0x00000000eab00000,0x00000000f2200000)
  from space 13312K, 74% used [0x00000000f2200000,0x00000000f2bbbd78,0x00000000f2f00000)
  to   space 13824K, 0% used [0x00000000f5c00000,0x00000000f5c00000,0x00000000f6980000)
 ParOldGen       total 62464K, used 15132K [0x00000000c0000000, 0x00000000c3d00000, 0x00000000eab00000)
  object space 62464K, 24% used [0x00000000c0000000,0x00000000c0ec7138,0x00000000c3d00000)
 Metaspace       used 34577K, capacity 35290K, committed 35456K, reserved 1079296K
  class space    used 4675K, capacity 4926K, committed 4992K, reserved 1048576K
Event: 5.619 GC heap after
Heap after GC invocations=11 (full 2):
 PSYoungGen      total 135168K, used 0K [0x00000000eab00000, 0x00000000f6980000, 0x0000000100000000)
  eden space 121856K, 0% used [0x00000000eab00000,0x00000000eab00000,0x00000000f2200000)
  from space 13312K, 0% used [0x00000000f2200000,0x00000000f2200000,0x00000000f2f00000)
  to   space 13824K, 0% used [0x00000000f5c00000,0x00000000f5c00000,0x00000000f6980000)
 ParOldGen       total 97792K, used 19867K [0x00000000c0000000, 0x00000000c5f80000, 0x00000000eab00000)
  object space 97792K, 20% used [0x00000000c0000000,0x00000000c1366fe8,0x00000000c5f80000)
 Metaspace       used 34577K, capacity 35290K, committed 35456K, reserved 1079296K
  class space    used 4675K, capacity 4926K, committed 4992K, reserved 1048576K
}
Event: 7.219 GC heap before
{Heap before GC invocations=12 (full 2):
 PSYoungGen      total 135168K, used 121856K [0x00000000eab00000, 0x00000000f6980000, 0x0000000100000000)
  eden space 121856K, 100% used [0x00000000eab00000,0x00000000f2200000,0x00000000f2200000)
  from space 13312K, 0% used [0x00000000f2200000,0x00000000f2200000,0x00000000f2f00000)
  to   space 13824K, 0% used [0x00000000f5c00000,0x00000000f5c00000,0x00000000f6980000)
 ParOldGen       total 97792K, used 19867K [0x00000000c0000000, 0x00000000c5f80000, 0x00000000eab00000)
  object space 97792K, 20% used [0x00000000c0000000,0x00000000c1366fe8,0x00000000c5f80000)
 Metaspace       used 42833K, capacity 43688K, committed 44032K, reserved 1087488K
  class space    used 5853K, capacity 6055K, committed 6144K, reserved 1048576K

