# JRE version: OpenJDK Runtime Environment (8.0_91-b14) (build 1.8.0_91-8u91-b14-3ubuntu1~16.04.1-b14)
# Java VM: OpenJDK 64-Bit Server VM (25.91-b14 mixed mode linux-amd64 compressed oops)
Heap:
 PSYoungGen      total 253952K, used 253947K [0x00000000eab00000, 0x00000000fbf80000, 0x0000000100000000)
  eden space 237568K, 100% used [0x00000000eab00000,0x00000000f9300000,0x00000000f9300000)
  from space 16384K, 99% used [0x00000000faf80000,0x00000000fbf7ee30,0x00000000fbf80000)
  to   space 19456K, 99% used [0x00000000f9980000,0x00000000fac7b250,0x00000000fac80000)
 ParOldGen       total 105472K, used 75795K [0x00000000c0000000, 0x00000000c6700000, 0x00000000eab00000)
  object space 105472K, 71% used [0x00000000c0000000,0x00000000c4a04ee0,0x00000000c6700000)
 Metaspace       used 52967K, capacity 54018K, committed 54272K, reserved 1095680K
  class space    used 7042K, capacity 7356K, committed 7424K, reserved 1048576K
GC Heap History (10 events):
Event: 3.871 GC heap after
Heap after GC invocations=6 (full 1):
 PSYoungGen      total 132096K, used 5088K [0x00000000eab00000, 0x00000000f6980000, 0x0000000100000000)
  eden space 126976K, 0% used [0x00000000eab00000,0x00000000eab00000,0x00000000f2700000)
  from space 5120K, 99% used [0x00000000f2700000,0x00000000f2bf8088,0x00000000f2c00000)
  to   space 11776K, 0% used [0x00000000f5e00000,0x00000000f5e00000,0x00000000f6980000)
 ParOldGen       total 70656K, used 17141K [0x00000000c0000000, 0x00000000c4500000, 0x00000000eab00000)
  object space 70656K, 24% used [0x00000000c0000000,0x00000000c10bd708,0x00000000c4500000)
 Metaspace       used 27594K, capacity 28144K, committed 28288K, reserved 1073152K
  class space    used 3778K, capacity 3936K, committed 3968K, reserved 1048576K
}
Event: 5.297 GC heap before
{Heap before GC invocations=7 (full 1):
 PSYoungGen      total 132096K, used 132064K [0x00000000eab00000, 0x00000000f6980000, 0x0000000100000000)
  eden space 126976K, 100% used [0x00000000eab00000,0x00000000f2700000,0x00000000f2700000)
  from space 5120K, 99% used [0x00000000f2700000,0x00000000f2bf8088,0x00000000f2c00000)
  to   space 11776K, 0% used [0x00000000f5e00000,0x00000000f5e00000,0x00000000f6980000)
 ParOldGen       total 70656K, used 17141K [0x00000000c0000000, 0x00000000c4500000, 0x00000000eab00000)
  object space 70656K, 24% used [0x00000000c0000000,0x00000000c10bd708,0x00000000c4500000)
 Metaspace       used 33565K, capacity 34204K, committed 34432K, reserved 1079296K
  class space    used 4525K, capacity 4672K, committed 4736K, reserved 1048576K
Event: 5.324 GC heap after
Heap after GC invocations=7 (full 1):
 PSYoungGen      total 180224K, used 11746K [0x00000000eab00000, 0x00000000f6f00000, 0x0000000100000000)
  eden space 168448K, 0% used [0x00000000eab00000,0x00000000eab00000,0x00000000f4f80000)
  from space 11776K, 99% used [0x00000000f5e00000,0x00000000f6978b88,0x00000000f6980000)
  to   space 14848K, 0% used [0x00000000f4f80000,0x00000000f4f80000,0x00000000f5e00000)
 ParOldGen       total 70656K, used 19043K [0x00000000c0000000, 0x00000000c4500000, 0x00000000eab00000)
  object space 70656K, 26% used [0x00000000c0000000,0x00000000c1298c68,0x00000000c4500000)
 Metaspace       used 33565K, capacity 34204K, committed 34432K, reserved 1079296K
  class space    used 4525K, capacity 4672K, committed 4736K, reserved 1048576K
}
Event: 5.634 GC heap before
{Heap before GC invocations=8 (full 1):
 PSYoungGen      total 180224K, used 48217K [0x00000000eab00000, 0x00000000f6f00000, 0x0000000100000000)
  eden space 168448K, 21% used [0x00000000eab00000,0x00000000ece9d9f0,0x00000000f4f80000)
  from space 11776K, 99% used [0x00000000f5e00000,0x00000000f6978b88,0x00000000f6980000)
  to   space 14848K, 0% used [0x00000000f4f80000,0x00000000f4f80000,0x00000000f5e00000)
 ParOldGen       total 70656K, used 19043K [0x00000000c0000000, 0x00000000c4500000, 0x00000000eab00000)
  object space 70656K, 26% used [0x00000000c0000000,0x00000000c1298c68,0x00000000c4500000)
 Metaspace       used 34616K, capacity 35334K, committed 35456K, reserved 1079296K
  class space    used 4695K, capacity 4920K, committed 4992K, reserved 1048576K
Event: 5.662 GC heap after
Heap after GC invocations=8 (full 1):
 PSYoungGen      total 183296K, used 12961K [0x00000000eab00000, 0x00000000fbf80000, 0x0000000100000000)
  eden space 168448K, 0% used [0x00000000eab00000,0x00000000eab00000,0x00000000f4f80000)
  from space 14848K, 87% used [0x00000000f4f80000,0x00000000f5c28508,0x00000000f5e00000)
  to   space 16384K, 0% used [0x00000000faf80000,0x00000000faf80000,0x00000000fbf80000)
 ParOldGen       total 70656K, used 19051K [0x00000000c0000000, 0x00000000c4500000, 0x00000000eab00000)
  object space 70656K, 26% used [0x00000000c0000000,0x00000000c129ac68,0x00000000c4500000)
 Metaspace       used 34616K, capacity 35334K, committed 35456K, reserved 1079296K
  class space    used 4695K, capacity 4920K, committed 4992K, reserved 1048576K
}
Event: 5.662 GC heap before
{Heap before GC invocations=9 (full 2):
 PSYoungGen      total 183296K, used 12961K [0x00000000eab00000, 0x00000000fbf80000, 0x0000000100000000)
  eden space 168448K, 0% used [0x00000000eab00000,0x00000000eab00000,0x00000000f4f80000)
  from space 14848K, 87% used [0x00000000f4f80000,0x00000000f5c28508,0x00000000f5e00000)
  to   space 16384K, 0% used [0x00000000faf80000,0x00000000faf80000,0x00000000fbf80000)
 ParOldGen       total 70656K, used 19051K [0x00000000c0000000, 0x00000000c4500000, 0x00000000eab00000)
  object space 70656K, 26% used [0x00000000c0000000,0x00000000c129ac68,0x00000000c4500000)
 Metaspace       used 34616K, capacity 35334K, committed 35456K, reserved 1079296K
  class space    used 4695K, capacity 4920K, committed 4992K, reserved 1048576K
Event: 5.826 GC heap after
Heap after GC invocations=9 (full 2):
 PSYoungGen      total 183296K, used 0K [0x00000000eab00000, 0x00000000fbf80000, 0x0000000100000000)
  eden space 168448K, 0% used [0x00000000eab00000,0x00000000eab00000,0x00000000f4f80000)
  from space 14848K, 0% used [0x00000000f4f80000,0x00000000f4f80000,0x00000000f5e00000)
  to   space 16384K, 0% used [0x00000000faf80000,0x00000000faf80000,0x00000000fbf80000)
 ParOldGen       total 105472K, used 20269K [0x00000000c0000000, 0x00000000c6700000, 0x00000000eab00000)
  object space 105472K, 19% used [0x00000000c0000000,0x00000000c13cb4b0,0x00000000c6700000)
 Metaspace       used 34616K, capacity 35334K, committed 35456K, reserved 1079296K
  class space    used 4695K, capacity 4920K, committed 4992K, reserved 1048576K
}
Event: 7.994 GC heap before
{Heap before GC invocations=10 (full 2):
 PSYoungGen      total 183296K, used 168448K [0x00000000eab00000, 0x00000000fbf80000, 0x0000000100000000)
  eden space 168448K, 100% used [0x00000000eab00000,0x00000000f4f80000,0x00000000f4f80000)
  from space 14848K, 0% used [0x00000000f4f80000,0x00000000f4f80000,0x00000000f5e00000)
  to   space 16384K, 0% used [0x00000000faf80000,0x00000000faf80000,0x00000000fbf80000)
 ParOldGen       total 105472K, used 20269K [0x00000000c0000000, 0x00000000c6700000, 0x00000000eab00000)
  object space 105472K, 19% used [0x00000000c0000000,0x00000000c13cb4b0,0x00000000c6700000)
 Metaspace       used 46362K, capacity 47380K, committed 47744K, reserved 1089536K
  class space    used 6344K, capacity 6662K, committed 6784K, reserved 1048576K
Event: 8.016 GC heap after
Heap after GC invocations=10 (full 2):
 PSYoungGen      total 253952K, used 16379K [0x00000000eab00000, 0x00000000fbf80000, 0x0000000100000000)
  eden space 237568K, 0% used [0x00000000eab00000,0x00000000eab00000,0x00000000f9300000)
  from space 16384K, 99% used [0x00000000faf80000,0x00000000fbf7ee30,0x00000000fbf80000)
  to   space 19456K, 0% used [0x00000000f9980000,0x00000000f9980000,0x00000000fac80000)
 ParOldGen       total 105472K, used 22389K [0x00000000c0000000, 0x00000000c6700000, 0x00000000eab00000)
  object space 105472K, 21% used [0x00000000c0000000,0x00000000c15dd6d8,0x00000000c6700000)
 Metaspace       used 46362K, capacity 47380K, committed 47744K, reserved 1089536K
  class space    used 6344K, capacity 6662K, committed 6784K, reserved 1048576K
}
Event: 12.111 GC heap before
{Heap before GC invocations=11 (full 2):
 PSYoungGen      total 253952K, used 253947K [0x00000000eab00000, 0x00000000fbf80000, 0x0000000100000000)
  eden space 237568K, 100% used [0x00000000eab00000,0x00000000f9300000,0x00000000f9300000)
  from space 16384K, 99% used [0x00000000faf80000,0x00000000fbf7ee30,0x00000000fbf80000)
  to   space 19456K, 0% used [0x00000000f9980000,0x00000000f9980000,0x00000000fac80000)
 ParOldGen       total 105472K, used 22389K [0x00000000c0000000, 0x00000000c6700000, 0x00000000eab00000)
  object space 105472K, 21% used [0x00000000c0000000,0x00000000c15dd6d8,0x00000000c6700000)
 Metaspace       used 52967K, capacity 54018K, committed 54272K, reserved 1095680K
  class space    used 7042K, capacity 7356K, committed 7424K, reserved 1048576K

