# JRE version: OpenJDK Runtime Environment (8.0_91-b14) (build 1.8.0_91-8u91-b14-3ubuntu1~16.04.1-b14)
# Java VM: OpenJDK 64-Bit Server VM (25.91-b14 mixed mode linux-amd64 compressed oops)
Heap:
 PSYoungGen      total 297984K, used 33809K [0x00000000eab00000, 0x0000000100000000, 0x0000000100000000)
  eden space 253952K, 0% used [0x00000000eab00000,0x00000000eab00000,0x00000000fa300000)
  from space 44032K, 76% used [0x00000000fd500000,0x00000000ff604768,0x0000000100000000)
  to   space 47616K, 0% used [0x00000000fa300000,0x00000000fa300000,0x00000000fd180000)
 ParOldGen       total 104448K, used 73437K [0x00000000c0000000, 0x00000000c6600000, 0x00000000eab00000)
  object space 104448K, 70% used [0x00000000c0000000,0x00000000c47b7650,0x00000000c6600000)
 Metaspace       used 57779K, capacity 59074K, committed 59096K, reserved 1099776K
  class space    used 7605K, capacity 8063K, committed 8064K, reserved 1048576K
GC Heap History (10 events):
Event: 4.997 GC heap after
Heap after GC invocations=8 (full 1):
 PSYoungGen      total 188416K, used 13250K [0x00000000eab00000, 0x00000000fbe00000, 0x0000000100000000)
  eden space 173056K, 0% used [0x00000000eab00000,0x00000000eab00000,0x00000000f5400000)
  from space 15360K, 86% used [0x00000000f5400000,0x00000000f60f0b58,0x00000000f6300000)
  to   space 16896K, 0% used [0x00000000fad80000,0x00000000fad80000,0x00000000fbe00000)
 ParOldGen       total 64512K, used 13606K [0x00000000c0000000, 0x00000000c3f00000, 0x00000000eab00000)
  object space 64512K, 21% used [0x00000000c0000000,0x00000000c0d49960,0x00000000c3f00000)
 Metaspace       used 34546K, capacity 35306K, committed 35456K, reserved 1079296K
  class space    used 4675K, capacity 4926K, committed 4992K, reserved 1048576K
}
Event: 4.997 GC heap before
{Heap before GC invocations=9 (full 2):
 PSYoungGen      total 188416K, used 13250K [0x00000000eab00000, 0x00000000fbe00000, 0x0000000100000000)
  eden space 173056K, 0% used [0x00000000eab00000,0x00000000eab00000,0x00000000f5400000)
  from space 15360K, 86% used [0x00000000f5400000,0x00000000f60f0b58,0x00000000f6300000)
  to   space 16896K, 0% used [0x00000000fad80000,0x00000000fad80000,0x00000000fbe00000)
 ParOldGen       total 64512K, used 13606K [0x00000000c0000000, 0x00000000c3f00000, 0x00000000eab00000)
  object space 64512K, 21% used [0x00000000c0000000,0x00000000c0d49960,0x00000000c3f00000)
 Metaspace       used 34546K, capacity 35306K, committed 35456K, reserved 1079296K
  class space    used 4675K, capacity 4926K, committed 4992K, reserved 1048576K
Event: 5.147 GC heap after
Heap after GC invocations=9 (full 2):
 PSYoungGen      total 188416K, used 0K [0x00000000eab00000, 0x00000000fbe00000, 0x0000000100000000)
  eden space 173056K, 0% used [0x00000000eab00000,0x00000000eab00000,0x00000000f5400000)
  from space 15360K, 0% used [0x00000000f5400000,0x00000000f5400000,0x00000000f6300000)
  to   space 16896K, 0% used [0x00000000fad80000,0x00000000fad80000,0x00000000fbe00000)
 ParOldGen       total 104448K, used 20119K [0x00000000c0000000, 0x00000000c6600000, 0x00000000eab00000)
  object space 104448K, 19% used [0x00000000c0000000,0x00000000c13a5f40,0x00000000c6600000)
 Metaspace       used 34546K, capacity 35306K, committed 35456K, reserved 1079296K
  class space    used 4675K, capacity 4926K, committed 4992K, reserved 1048576K
}
Event: 7.461 GC heap before
{Heap before GC invocations=10 (full 2):
 PSYoungGen      total 188416K, used 173056K [0x00000000eab00000, 0x00000000fbe00000, 0x0000000100000000)
  eden space 173056K, 100% used [0x00000000eab00000,0x00000000f5400000,0x00000000f5400000)
  from space 15360K, 0% used [0x00000000f5400000,0x00000000f5400000,0x00000000f6300000)
  to   space 16896K, 0% used [0x00000000fad80000,0x00000000fad80000,0x00000000fbe00000)
 ParOldGen       total 104448K, used 20119K [0x00000000c0000000, 0x00000000c6600000, 0x00000000eab00000)
  object space 104448K, 19% used [0x00000000c0000000,0x00000000c13a5f40,0x00000000c6600000)
 Metaspace       used 46426K, capacity 47480K, committed 47744K, reserved 1089536K
  class space    used 6344K, capacity 6668K, committed 6784K, reserved 1048576K
Event: 7.497 GC heap after
Heap after GC invocations=10 (full 2):
 PSYoungGen      total 259584K, used 16866K [0x00000000eab00000, 0x00000000fc100000, 0x0000000100000000)
  eden space 242688K, 0% used [0x00000000eab00000,0x00000000eab00000,0x00000000f9800000)
  from space 16896K, 99% used [0x00000000fad80000,0x00000000fbdf88c0,0x00000000fbe00000)
  to   space 20992K, 0% used [0x00000000f9800000,0x00000000f9800000,0x00000000fac80000)
 ParOldGen       total 104448K, used 23213K [0x00000000c0000000, 0x00000000c6600000, 0x00000000eab00000)
  object space 104448K, 22% used [0x00000000c0000000,0x00000000c16ab698,0x00000000c6600000)
 Metaspace       used 46426K, capacity 47480K, committed 47744K, reserved 1089536K
  class space    used 6344K, capacity 6668K, committed 6784K, reserved 1048576K
}
Event: 12.646 GC heap before
{Heap before GC invocations=11 (full 2):
 PSYoungGen      total 259584K, used 259554K [0x00000000eab00000, 0x00000000fc100000, 0x0000000100000000)
  eden space 242688K, 100% used [0x00000000eab00000,0x00000000f9800000,0x00000000f9800000)
  from space 16896K, 99% used [0x00000000fad80000,0x00000000fbdf88c0,0x00000000fbe00000)
  to   space 20992K, 0% used [0x00000000f9800000,0x00000000f9800000,0x00000000fac80000)
 ParOldGen       total 104448K, used 23213K [0x00000000c0000000, 0x00000000c6600000, 0x00000000eab00000)
  object space 104448K, 22% used [0x00000000c0000000,0x00000000c16ab698,0x00000000c6600000)
 Metaspace       used 53109K, capacity 54170K, committed 54272K, reserved 1095680K
  class space    used 7038K, capacity 7360K, committed 7424K, reserved 1048576K
Event: 12.743 GC heap after
Heap after GC invocations=11 (full 2):
 PSYoungGen      total 263680K, used 20981K [0x00000000eab00000, 0x0000000100000000, 0x0000000100000000)
  eden space 242688K, 0% used [0x00000000eab00000,0x00000000eab00000,0x00000000f9800000)
  from space 20992K, 99% used [0x00000000f9800000,0x00000000fac7d668,0x00000000fac80000)
  to   space 44032K, 0% used [0x00000000fd500000,0x00000000fd500000,0x0000000100000000)
 ParOldGen       total 104448K, used 73429K [0x00000000c0000000, 0x00000000c6600000, 0x00000000eab00000)
  object space 104448K, 70% used [0x00000000c0000000,0x00000000c47b5650,0x00000000c6600000)
 Metaspace       used 53109K, capacity 54170K, committed 54272K, reserved 1095680K
  class space    used 7038K, capacity 7360K, committed 7424K, reserved 1048576K
}
Event: 16.575 GC heap before
{Heap before GC invocations=12 (full 2):
 PSYoungGen      total 263680K, used 136699K [0x00000000eab00000, 0x0000000100000000, 0x0000000100000000)
  eden space 242688K, 47% used [0x00000000eab00000,0x00000000f1c015f0,0x00000000f9800000)
  from space 20992K, 99% used [0x00000000f9800000,0x00000000fac7d668,0x00000000fac80000)
  to   space 44032K, 0% used [0x00000000fd500000,0x00000000fd500000,0x0000000100000000)
 ParOldGen       total 104448K, used 73429K [0x00000000c0000000, 0x00000000c6600000, 0x00000000eab00000)
  object space 104448K, 70% used [0x00000000c0000000,0x00000000c47b5650,0x00000000c6600000)
 Metaspace       used 57779K, capacity 59074K, committed 59096K, reserved 1099776K
  class space    used 7605K, capacity 8063K, committed 8064K, reserved 1048576K
Event: 16.616 GC heap after
Heap after GC invocations=12 (full 2):
 PSYoungGen      total 297984K, used 33809K [0x00000000eab00000, 0x0000000100000000, 0x0000000100000000)
  eden space 253952K, 0% used [0x00000000eab00000,0x00000000eab00000,0x00000000fa300000)
  from space 44032K, 76% used [0x00000000fd500000,0x00000000ff604768,0x0000000100000000)
  to   space 47616K, 0% used [0x00000000fa300000,0x00000000fa300000,0x00000000fd180000)
 ParOldGen       total 104448K, used 73437K [0x00000000c0000000, 0x00000000c6600000, 0x00000000eab00000)
  object space 104448K, 70% used [0x00000000c0000000,0x00000000c47b7650,0x00000000c6600000)
 Metaspace       used 57779K, capacity 59074K, committed 59096K, reserved 1099776K
  class space    used 7605K, capacity 8063K, committed 8064K, reserved 1048576K
}
Event: 16.616 GC heap before
{Heap before GC invocations=13 (full 3):
 PSYoungGen      total 297984K, used 33809K [0x00000000eab00000, 0x0000000100000000, 0x0000000100000000)
  eden space 253952K, 0% used [0x00000000eab00000,0x00000000eab00000,0x00000000fa300000)
  from space 44032K, 76% used [0x00000000fd500000,0x00000000ff604768,0x0000000100000000)
  to   space 47616K, 0% used [0x00000000fa300000,0x00000000fa300000,0x00000000fd180000)
 ParOldGen       total 104448K, used 73437K [0x00000000c0000000, 0x00000000c6600000, 0x00000000eab00000)
  object space 104448K, 70% used [0x00000000c0000000,0x00000000c47b7650,0x00000000c6600000)
 Metaspace       used 57779K, capacity 59074K, committed 59096K, reserved 1099776K
  class space    used 7605K, capacity 8063K, committed 8064K, reserved 1048576K

