# JRE version: OpenJDK Runtime Environment (8.0_91-b14) (build 1.8.0_91-8u91-b14-3ubuntu1~16.04.1-b14)
# Java VM: OpenJDK 64-Bit Server VM (25.91-b14 mixed mode linux-amd64 compressed oops)
Heap:
 PSYoungGen      total 312832K, used 160025K [0x00000000eab00000, 0x0000000100000000, 0x0000000100000000)
  eden space 276480K, 44% used [0x00000000eab00000,0x00000000f23cb6d0,0x00000000fb900000)
  from space 36352K, 99% used [0x00000000fb900000,0x00000000fdc7b0a0,0x00000000fdc80000)
  to   space 36352K, 0% used [0x00000000fdc80000,0x00000000fdc80000,0x0000000100000000)
 ParOldGen       total 92672K, used 63291K [0x00000000c0000000, 0x00000000c5a80000, 0x00000000eab00000)
  object space 92672K, 68% used [0x00000000c0000000,0x00000000c3dced60,0x00000000c5a80000)
 Metaspace       used 64330K, capacity 66460K, committed 66688K, reserved 1107968K
  class space    used 8253K, capacity 8779K, committed 8832K, reserved 1048576K
GC Heap History (10 events):
Event: 297.164 GC heap before
{Heap before GC invocations=14 (full 3):
 PSYoungGen      total 291840K, used 234656K [0x00000000eab00000, 0x0000000100000000, 0x0000000100000000)
  eden space 268288K, 78% used [0x00000000eab00000,0x00000000f792a618,0x00000000fb100000)
  from space 23552K, 99% used [0x00000000fd580000,0x00000000fec7dbd8,0x00000000fec80000)
  to   space 37376K, 0% used [0x00000000fb100000,0x00000000fb100000,0x00000000fd580000)
 ParOldGen       total 92672K, used 65054K [0x00000000c0000000, 0x00000000c5a80000, 0x00000000eab00000)
  object space 92672K, 70% used [0x00000000c0000000,0x00000000c3f878d0,0x00000000c5a80000)
 Metaspace       used 63021K, capacity 64662K, committed 64768K, reserved 1105920K
  class space    used 8181K, capacity 8663K, committed 8704K, reserved 1048576K
Event: 297.204 GC heap after
Heap after GC invocations=14 (full 3):
 PSYoungGen      total 305664K, used 16588K [0x00000000eab00000, 0x0000000100000000, 0x0000000100000000)
  eden space 268288K, 0% used [0x00000000eab00000,0x00000000eab00000,0x00000000fb100000)
  from space 37376K, 44% used [0x00000000fb100000,0x00000000fc133188,0x00000000fd580000)
  to   space 35840K, 0% used [0x00000000fdd00000,0x00000000fdd00000,0x0000000100000000)
 ParOldGen       total 92672K, used 83602K [0x00000000c0000000, 0x00000000c5a80000, 0x00000000eab00000)
  object space 92672K, 90% used [0x00000000c0000000,0x00000000c51a4938,0x00000000c5a80000)
 Metaspace       used 63021K, capacity 64662K, committed 64768K, reserved 1105920K
  class space    used 8181K, capacity 8663K, committed 8704K, reserved 1048576K
}
Event: 297.204 GC heap before
{Heap before GC invocations=15 (full 4):
 PSYoungGen      total 305664K, used 16588K [0x00000000eab00000, 0x0000000100000000, 0x0000000100000000)
  eden space 268288K, 0% used [0x00000000eab00000,0x00000000eab00000,0x00000000fb100000)
  from space 37376K, 44% used [0x00000000fb100000,0x00000000fc133188,0x00000000fd580000)
  to   space 35840K, 0% used [0x00000000fdd00000,0x00000000fdd00000,0x0000000100000000)
 ParOldGen       total 92672K, used 83602K [0x00000000c0000000, 0x00000000c5a80000, 0x00000000eab00000)
  object space 92672K, 90% used [0x00000000c0000000,0x00000000c51a4938,0x00000000c5a80000)
 Metaspace       used 63021K, capacity 64662K, committed 64768K, reserved 1105920K
  class space    used 8181K, capacity 8663K, committed 8704K, reserved 1048576K
Event: 297.664 GC heap after
Heap after GC invocations=15 (full 4):
 PSYoungGen      total 305664K, used 0K [0x00000000eab00000, 0x0000000100000000, 0x0000000100000000)
  eden space 268288K, 0% used [0x00000000eab00000,0x00000000eab00000,0x00000000fb100000)
  from space 37376K, 0% used [0x00000000fb100000,0x00000000fb100000,0x00000000fd580000)
  to   space 35840K, 0% used [0x00000000fdd00000,0x00000000fdd00000,0x0000000100000000)
 ParOldGen       total 92672K, used 45936K [0x00000000c0000000, 0x00000000c5a80000, 0x00000000eab00000)
  object space 92672K, 49% used [0x00000000c0000000,0x00000000c2cdc3e0,0x00000000c5a80000)
 Metaspace       used 62803K, capacity 64414K, committed 64768K, reserved 1105920K
  class space    used 8158K, capacity 8623K, committed 8704K, reserved 1048576K
}
Event: 448.977 GC heap before
{Heap before GC invocations=16 (full 4):
 PSYoungGen      total 305664K, used 131489K [0x00000000eab00000, 0x0000000100000000, 0x0000000100000000)
  eden space 268288K, 49% used [0x00000000eab00000,0x00000000f2b684c8,0x00000000fb100000)
  from space 37376K, 0% used [0x00000000fb100000,0x00000000fb100000,0x00000000fd580000)
  to   space 35840K, 0% used [0x00000000fdd00000,0x00000000fdd00000,0x0000000100000000)
 ParOldGen       total 92672K, used 45936K [0x00000000c0000000, 0x00000000c5a80000, 0x00000000eab00000)
  object space 92672K, 49% used [0x00000000c0000000,0x00000000c2cdc3e0,0x00000000c5a80000)
 Metaspace       used 63233K, capacity 64998K, committed 65280K, reserved 1105920K
  class space    used 8189K, capacity 8671K, committed 8704K, reserved 1048576K
Event: 448.981 GC heap after
Heap after GC invocations=16 (full 4):
 PSYoungGen      total 312320K, used 1168K [0x00000000eab00000, 0x0000000100000000, 0x0000000100000000)
  eden space 276480K, 0% used [0x00000000eab00000,0x00000000eab00000,0x00000000fb900000)
  from space 35840K, 3% used [0x00000000fdd00000,0x00000000fde24020,0x0000000100000000)
  to   space 36352K, 0% used [0x00000000fb900000,0x00000000fb900000,0x00000000fdc80000)
 ParOldGen       total 92672K, used 45944K [0x00000000c0000000, 0x00000000c5a80000, 0x00000000eab00000)
  object space 92672K, 49% used [0x00000000c0000000,0x00000000c2cde3e0,0x00000000c5a80000)
 Metaspace       used 63233K, capacity 64998K, committed 65280K, reserved 1105920K
  class space    used 8189K, capacity 8671K, committed 8704K, reserved 1048576K
}
Event: 448.981 GC heap before
{Heap before GC invocations=17 (full 5):
 PSYoungGen      total 312320K, used 1168K [0x00000000eab00000, 0x0000000100000000, 0x0000000100000000)
  eden space 276480K, 0% used [0x00000000eab00000,0x00000000eab00000,0x00000000fb900000)
  from space 35840K, 3% used [0x00000000fdd00000,0x00000000fde24020,0x0000000100000000)
  to   space 36352K, 0% used [0x00000000fb900000,0x00000000fb900000,0x00000000fdc80000)
 ParOldGen       total 92672K, used 45944K [0x00000000c0000000, 0x00000000c5a80000, 0x00000000eab00000)
  object space 92672K, 49% used [0x00000000c0000000,0x00000000c2cde3e0,0x00000000c5a80000)
 Metaspace       used 63233K, capacity 64998K, committed 65280K, reserved 1105920K
  class space    used 8189K, capacity 8671K, committed 8704K, reserved 1048576K
Event: 449.442 GC heap after
Heap after GC invocations=17 (full 5):
 PSYoungGen      total 312320K, used 0K [0x00000000eab00000, 0x0000000100000000, 0x0000000100000000)
  eden space 276480K, 0% used [0x00000000eab00000,0x00000000eab00000,0x00000000fb900000)
  from space 35840K, 0% used [0x00000000fdd00000,0x00000000fdd00000,0x0000000100000000)
  to   space 36352K, 0% used [0x00000000fb900000,0x00000000fb900000,0x00000000fdc80000)
 ParOldGen       total 92672K, used 43799K [0x00000000c0000000, 0x00000000c5a80000, 0x00000000eab00000)
  object space 92672K, 47% used [0x00000000c0000000,0x00000000c2ac5f40,0x00000000c5a80000)
 Metaspace       used 63233K, capacity 64998K, committed 65280K, reserved 1105920K
  class space    used 8189K, capacity 8671K, committed 8704K, reserved 1048576K
}
Event: 501.633 GC heap before
{Heap before GC invocations=18 (full 5):
 PSYoungGen      total 312320K, used 276480K [0x00000000eab00000, 0x0000000100000000, 0x0000000100000000)
  eden space 276480K, 100% used [0x00000000eab00000,0x00000000fb900000,0x00000000fb900000)
  from space 35840K, 0% used [0x00000000fdd00000,0x00000000fdd00000,0x0000000100000000)
  to   space 36352K, 0% used [0x00000000fb900000,0x00000000fb900000,0x00000000fdc80000)
 ParOldGen       total 92672K, used 43799K [0x00000000c0000000, 0x00000000c5a80000, 0x00000000eab00000)
  object space 92672K, 47% used [0x00000000c0000000,0x00000000c2ac5f40,0x00000000c5a80000)
 Metaspace       used 63933K, capacity 65970K, committed 66176K, reserved 1105920K
  class space    used 8242K, capacity 8761K, committed 8832K, reserved 1048576K
Event: 501.687 GC heap after
Heap after GC invocations=18 (full 5):
 PSYoungGen      total 312832K, used 36332K [0x00000000eab00000, 0x0000000100000000, 0x0000000100000000)
  eden space 276480K, 0% used [0x00000000eab00000,0x00000000eab00000,0x00000000fb900000)
  from space 36352K, 99% used [0x00000000fb900000,0x00000000fdc7b0a0,0x00000000fdc80000)
  to   space 36352K, 0% used [0x00000000fdc80000,0x00000000fdc80000,0x0000000100000000)
 ParOldGen       total 92672K, used 63291K [0x00000000c0000000, 0x00000000c5a80000, 0x00000000eab00000)
  object space 92672K, 68% used [0x00000000c0000000,0x00000000c3dced60,0x00000000c5a80000)
 Metaspace       used 63933K, capacity 65970K, committed 66176K, reserved 1105920K
  class space    used 8242K, capacity 8761K, committed 8832K, reserved 1048576K
}

